This is pdfTeX, Version 3.14159-1.10b (Web2C 7.4.5) (format=pdflatex 2007.11.9)  5 AUG 2008 00:40
**matchit
(./matchit.tex{/usr/share/texmf/pdftex/config/pdftex.cfg}
LaTeX2e <2001/06/01>
Babel <v3.7h> and hyphenation patterns for american, french, german, ngerman, n
ohyphenation, loaded.
(/usr/share/texmf/tex/latex/base/book.cls
Document Class: book 2001/04/21 v1.4e Standard LaTeX document class
(/usr/share/texmf/tex/latex/base/bk12.clo
File: bk12.clo 2001/04/21 v1.4e Standard LaTeX file (size option)
)
\c@part=\count79
\c@chapter=\count80
\c@section=\count81
\c@subsection=\count82
\c@subsubsection=\count83
\c@paragraph=\count84
\c@subparagraph=\count85
\c@figure=\count86
\c@table=\count87
\abovecaptionskip=\skip41
\belowcaptionskip=\skip42
\bibindent=\dimen102
)
(/usr/share/texmf/tex/latex/natbib/bibentry.sty
Package: bibentry 1999/02/23 1.2 (PWD)
)
(/usr/share/texmf/tex/latex/graphics/graphicx.sty
Package: graphicx 1999/02/16 v1.0f Enhanced LaTeX Graphics (DPC,SPQR)

(/usr/share/texmf/tex/latex/graphics/keyval.sty
Package: keyval 1999/03/16 v1.13 key=value parser (DPC)
\KV@toks@=\toks14
)
(/usr/share/texmf/tex/latex/graphics/graphics.sty
Package: graphics 2001/07/07 v1.0n Standard LaTeX Graphics (DPC,SPQR)

(/usr/share/texmf/tex/latex/graphics/trig.sty
Package: trig 1999/03/16 v1.09 sin cos tan (DPC)
)
(/usr/share/texmf/tex/latex/config/graphics.cfg
File: graphics.cfg 2001/08/31 v1.1 graphics configuration of teTeX/TeXLive
)
Package graphics Info: Driver file: pdftex.def on input line 80.

(/usr/share/texmf/tex/latex/graphics/pdftex.def
File: pdftex.def 2002/06/19 v0.03k graphics/color for pdftex
\Gread@gobject=\count88
))
\Gin@req@height=\dimen103
\Gin@req@width=\dimen104
)
(/usr/share/texmf/tex/latex/natbib/natbib.sty
Package: natbib 2000/07/24 7.0a (PWD)
\bibhang=\skip43
\bibsep=\skip44
LaTeX Info: Redefining \cite on input line 508.
\c@NAT@ctr=\count89
)
(/usr/share/texmf/tex/latex/amsmath/amsmath.sty
Package: amsmath 2000/07/18 v2.13 AMS math features
\@mathmargin=\skip45

For additional information on amsmath, use the `?' option.
(/usr/share/texmf/tex/latex/amsmath/amstext.sty
Package: amstext 2000/06/29 v2.01

(/usr/share/texmf/tex/latex/amsmath/amsgen.sty
File: amsgen.sty 1999/11/30 v2.0
\@emptytoks=\toks15
\ex@=\dimen105
))
(/usr/share/texmf/tex/latex/amsmath/amsbsy.sty
Package: amsbsy 1999/11/29 v1.2d
\pmbraise@=\dimen106
)
(/usr/share/texmf/tex/latex/amsmath/amsopn.sty
Package: amsopn 1999/12/14 v2.01 operator names
)
\inf@bad=\count90
LaTeX Info: Redefining \frac on input line 211.
\uproot@=\count91
\leftroot@=\count92
LaTeX Info: Redefining \overline on input line 307.
\classnum@=\count93
\DOTSCASE@=\count94
LaTeX Info: Redefining \ldots on input line 379.
LaTeX Info: Redefining \dots on input line 382.
LaTeX Info: Redefining \cdots on input line 467.
\Mathstrutbox@=\box26
\strutbox@=\box27
\big@size=\dimen107
LaTeX Font Info:    Redeclaring font encoding OML on input line 567.
LaTeX Font Info:    Redeclaring font encoding OMS on input line 568.
\macc@depth=\count95
\c@MaxMatrixCols=\count96
\dotsspace@=\muskip10
\c@parentequation=\count97
\dspbrk@lvl=\count98
\tag@help=\toks16
\row@=\count99
\column@=\count100
\maxfields@=\count101
\andhelp@=\toks17
\eqnshift@=\dimen108
\alignsep@=\dimen109
\tagshift@=\dimen110
\tagwidth@=\dimen111
\totwidth@=\dimen112
\lineht@=\dimen113
\@envbody=\toks18
\multlinegap=\skip46
\multlinetaggap=\skip47
\mathdisplay@stack=\toks19
LaTeX Info: Redefining \[ on input line 2666.
LaTeX Info: Redefining \] on input line 2667.
)
(/usr/share/texmf/tex/latex/amsfonts/amssymb.sty
Package: amssymb 2002/01/22 v2.2d

(/usr/share/texmf/tex/latex/amsfonts/amsfonts.sty
Package: amsfonts 2001/10/25 v2.2f
\symAMSa=\mathgroup4
\symAMSb=\mathgroup5
LaTeX Font Info:    Overwriting math alphabet `\mathfrak' in version `bold'
(Font)                  U/euf/m/n --> U/euf/b/n on input line 132.
))
(/usr/share/texmf/tex/latex/tools/verbatim.sty
Package: verbatim 2001/03/12 v1.5p LaTeX2e package for verbatim enhancements
\every@verbatim=\toks20
\verbatim@line=\toks21
\verbatim@in@stream=\read1
)
(/usr/share/texmf/tex/generic/misc/epsf.tex
This is `epsf.tex' v2.7k <10 July 1997>
\epsffilein=\read2
\epsfframemargin=\dimen114
\epsfframethickness=\dimen115
\epsfrsize=\dimen116
\epsftmp=\dimen117
\epsftsize=\dimen118
\epsfxsize=\dimen119
\epsfysize=\dimen120
\pspoints=\dimen121
\epsfnoopenhelp=\toks22
) (/usr/share/latex2html/texinputs/url.sty
Package: url 1999/03/02  ver 1.4  Verb mode for urls, email addresses, and file
 names
)
(/usr/share/latex2html/texinputs/html.sty
(/usr/share/texmf/tex/latex/hyperref/hyperref.sty
Package: hyperref 2003/01/22 v6.73n Hypertext links for LaTeX
\@linkdim=\dimen122
\Hy@linkcounter=\count102
\Hy@pagecounter=\count103

(/usr/share/texmf/tex/latex/hyperref/pd1enc.def
File: pd1enc.def 2003/01/22 v6.73n Hyperref: PDFDocEncoding definition (HO)
)
(/usr/share/texmf/tex/latex/config/hyperref.cfg
File: hyperref.cfg 2002/06/06 v1.2 hyperref configuration of TeXLive and teTeX
)
Package hyperref Info: Hyper figures OFF on input line 1792.
Package hyperref Info: Link nesting OFF on input line 1797.
Package hyperref Info: Hyper index ON on input line 1800.
Package hyperref Info: Plain pages ON on input line 1805.
Package hyperref Info: Backreferencing OFF on input line 1812.

Implicit mode ON; LaTeX internals redefined
Package hyperref Info: Bookmarks ON on input line 1916.
LaTeX Info: Redefining \url on input line 2055.
\Fld@menulength=\count104
\Field@Width=\dimen123
\Fld@charsize=\dimen124
\Choice@toks=\toks23
\Field@toks=\toks24
Package hyperref Info: Hyper figures OFF on input line 2513.
Package hyperref Info: Link nesting OFF on input line 2518.
Package hyperref Info: Hyper index ON on input line 2521.
Package hyperref Info: backreferencing OFF on input line 2528.
Package hyperref Info: Link coloring OFF on input line 2533.
\c@Item=\count105
\c@Hfootnote=\count106
)
*hyperref using default driver hpdftex*
(/usr/share/texmf/tex/latex/hyperref/hpdftex.def
File: hpdftex.def 2003/01/22 v6.73n Hyperref driver for pdfTeX

(/usr/share/texmf/tex/latex/psnfss/pifont.sty
Package: pifont 2002/09/08 PSNFSS-v9.0a Pi font support (SPQR) 
LaTeX Font Info:    Try loading font information for U+pzd on input line 62.

(/usr/share/texmf/tex/latex/psnfss/upzd.fd
File: upzd.fd 2001/06/04 font definitions for U/pzd.
)
LaTeX Font Info:    Try loading font information for U+psy on input line 63.

(/usr/share/texmf/tex/latex/psnfss/upsy.fd
File: upsy.fd 2001/06/04 font definitions for U/psy.
))
\Fld@listcount=\count107
\@outlinefile=\write3
)
Package: html 1999/07/19 v1.38 hypertext commands for latex2html (nd, hws, rrm)

\c@lpart=\count108
\c@lchapter=\count109
\c@lsection=\count110
\c@lsubsection=\count111
\c@lsubsubsection=\count112
\c@lparagraph=\count113
\c@lsubparagraph=\count114
\c@lsubsubparagraph=\count115
\ptrfile=\write4
)
(/usr/share/texmf/tex/latex/tools/dcolumn.sty
Package: dcolumn 2001/05/28 v1.06 decimal alignment package (DPC)

(/usr/share/texmf/tex/latex/tools/array.sty
Package: array 1998/05/13 v2.3m Tabular extension package (FMi)
\col@sep=\dimen125
\extrarowheight=\dimen126
\NC@list=\toks25
\extratabsurround=\skip48
\backup@length=\skip49
))
(/usr/share/texmf/tex/latex/preprint/fullpage.sty
Package: fullpage 1999/02/23 1.1 (PWD)
\FP@margin=\skip50
) (./matchit.aux)
\openout1 = `matchit.aux'.

LaTeX Font Info:    Checking defaults for OML/cmm/m/it on input line 56.
LaTeX Font Info:    ... okay on input line 56.
LaTeX Font Info:    Checking defaults for T1/cmr/m/n on input line 56.
LaTeX Font Info:    ... okay on input line 56.
LaTeX Font Info:    Checking defaults for OT1/cmr/m/n on input line 56.
LaTeX Font Info:    ... okay on input line 56.
LaTeX Font Info:    Checking defaults for OMS/cmsy/m/n on input line 56.
LaTeX Font Info:    ... okay on input line 56.
LaTeX Font Info:    Checking defaults for OMX/cmex/m/n on input line 56.
LaTeX Font Info:    ... okay on input line 56.
LaTeX Font Info:    Checking defaults for U/cmr/m/n on input line 56.
LaTeX Font Info:    ... okay on input line 56.
LaTeX Font Info:    Checking defaults for PD1/pdf/m/n on input line 56.
LaTeX Font Info:    ... okay on input line 56.

(/usr/share/texmf/tex/context/base/supp-pdf.tex
(/usr/share/texmf/tex/context/base/supp-mis.tex
loading : Context Support Macros / Missing
\protectiondepth=\count116
\scratchcounter=\count117
\scratchtoks=\toks26
\scratchdimen=\dimen127
\scratchskip=\skip51
\scratchmuskip=\muskip11
\scratchbox=\box28
\scratchread=\read3
\scratchwrite=\write5
\zeropoint=\dimen128
\minusone=\count118
\thousandpoint=\dimen129
\emptytoks=\toks27
\nextbox=\box29
\nextdepth=\dimen130
\everyline=\toks28
\!!counta=\count119
\!!countb=\count120
\recursecounter=\count121
)
loading : Context Support Macros / PDF
\nofMPsegments=\count122
\nofMParguments=\count123
\everyMPtoPDFconversion=\toks29
)
Package hyperref Info: Link coloring OFF on input line 56.
 (/usr/share/texmf/tex/latex/hyperref/nameref.sty
Package: nameref 2001/01/27 v2.19 Cross-referencing by name of section
\c@section@level=\count124
)
LaTeX Info: Redefining \ref on input line 56.
LaTeX Info: Redefining \pageref on input line 56.
 (./matchit.out)
(./matchit.out)
\openout3 = `matchit.out'.

LaTeX Font Info:    Try loading font information for U+msa on input line 58.
 (/usr/share/texmf/tex/latex/amsfonts/umsa.fd
File: umsa.fd 2002/01/19 v2.2g AMS font definitions
)
LaTeX Font Info:    Try loading font information for U+msb on input line 58.

(/usr/share/texmf/tex/latex/amsfonts/umsb.fd
File: umsb.fd 2002/01/19 v2.2g AMS font definitions
)
Underfull \hbox (badness 1412) in paragraph at lines 58--58
[][]/cmr10@10.95pt/David Flo-rence Pro-fes-sor of Gov-ern-ment, Har-vard Uni-ve
r-sity (In-sti-tute for Quan-ti-ta-
 []


Underfull \hbox (badness 1983) in paragraph at lines 58--58
/cmr10@10.95pt/tive So-cial Sci-ence, 1737 Cam-bridge Street, Har-vard Uni-ver-
sity, Cam-bridge MA 02138;
 []


Underfull \hbox (badness 1715) in paragraph at lines 58--58
[][]/cmr10@10.95pt/Assistant Pro-fes-sor, De-part-ments of Men-tal Health and B
io-statis-tics, Johns Hop-kins
 []

[1


{/usr/share/texmf/dvips/config/pdftex.map}] (./matchit.toc

LaTeX Font Warning: Font shape `OT1/cmr/bx/sc' undefined
(Font)              using `OT1/cmr/bx/n' instead on input line 11.

! pdfTeX warning (ext4): destination with the same identifier (name{page.1}) ha
s been already used, duplicate ignored
<to be read again> 
                   \penalty 
l.32 ...4.1.0.1}Syntax}{21}{subsubsection.4.1.0.1}
                                                   [1

])
\tf@toc=\write6
\openout6 = `matchit.toc'.

 (./matchit.bbl)
[2]
Chapter 1.
(./intro.tex [3


]) [4]
Chapter 2.
(./overview.tex [5

] [6] [7]) [8]
Chapter 3.
(./preprocess.tex [9

]
Overfull \hbox (6.26747pt too wide) in paragraph at lines 95--102
/cmr12/scribed be-low, by leav-ing the de-fault of /cmtt12/method = "nearest" /
cmr12/but adding the op-tion /cmtt12/subclass/cmr12/.
 []

[10] [11]

Package natbib Warning: Citation `Sekhon04' on page 12 undefined on input line 
192.


Overfull \hbox (5.72021pt too wide) in paragraph at lines 197--197
[]/cmtt12/> m.out <- matchit(treat ~ age + educ + black + hispan + married + no
degree +[] 
 []

) (./balance.tex [12]

Package hyperref Warning: Token not allowed in a PDFDocEncoded string,
(hyperref)                removing `\<def>-command' on input line 11.


Package hyperref Warning: Token not allowed in a PDFDocEncoded string,
(hyperref)                removing `\f@encoding' on input line 11.


Package hyperref Warning: Token not allowed in a PDFDocEncoded string,
(hyperref)                removing `\<let>-command' on input line 11.


Package hyperref Warning: Token not allowed in a PDFDocEncoded string,
(hyperref)                removing `\<def>-command' on input line 11.


Package hyperref Warning: Token not allowed in a PDFDocEncoded string,
(hyperref)                removing `\f@family' on input line 11.


Package hyperref Warning: Token not allowed in a PDFDocEncoded string,
(hyperref)                removing `\<def>-command' on input line 11.


Package hyperref Warning: Token not allowed in a PDFDocEncoded string,
(hyperref)                removing `\f@series' on input line 11.


Package hyperref Warning: Token not allowed in a PDFDocEncoded string,
(hyperref)                removing `\<def>-command' on input line 11.


Package hyperref Warning: Token not allowed in a PDFDocEncoded string,
(hyperref)                removing `\f@shape' on input line 11.


Package hyperref Warning: Token not allowed in a PDFDocEncoded string,
(hyperref)                removing `\<def>-command' on input line 11.


Package hyperref Warning: Token not allowed in a PDFDocEncoded string,
(hyperref)                removing `\font@name' on input line 11.


Package hyperref Warning: Token not allowed in a PDFDocEncoded string,
(hyperref)                removing `\OT1/cmtt/m/n/12' on input line 11.


Package hyperref Warning: Token not allowed in a PDFDocEncoded string,
(hyperref)                removing `\ignorespaces' on input line 11.

LaTeX Font Info:    Try loading font information for OMS+cmr on input line 30.
(/usr/share/texmf/tex/latex/base/omscmr.fd
File: omscmr.fd 1999/05/25 v2.5h Standard LaTeX font definitions
)
LaTeX Font Info:    Font shape `OMS/cmr/m/n' in size <12> not available
(Font)              Font shape `OMS/cmsy/m/n' tried instead on input line 30.
 [13]
LaTeX Font Info:    Font shape `OT1/cmtt/bx/n' in size <12> not available
(Font)              Font shape `OT1/cmtt/m/n' tried instead on input line 80.

<figs/jitterplotnn.pdf, id=482, 867.24pt x 433.62pt>
File: figs/jitterplotnn.pdf Graphic file (type pdf)

<use figs/jitterplotnn.pdf>
<figs/qqplotnn1.pdf, id=483, 198.7425pt x 198.7425pt> [14]
File: figs/qqplotnn1.pdf Graphic file (type pdf)

<use figs/qqplotnn1.pdf> <figs/hist.pdf, id=488, 433.62pt x 433.62pt>
File: figs/hist.pdf Graphic file (type pdf)

<use figs/hist.pdf>) (./matchit2zelig.tex [15 <./figs/jitterplotnn.pdf> <./figs
/qqplotnn1.pdf> <./figs/hist.pdf>] [16]
Overfull \hbox (4.2199pt too wide) in paragraph at lines 104--104
 []/cmtt12/> z.out <- zelig(re78 ~ treat + age + educ + black + hispan + nodegr
ee + 
 []


Overfull \hbox (41.26991pt too wide) in paragraph at lines 129--129
 []                    /cmtt12/married + re74 + re75, method = "nearest", data 
= lalonde)[] 
 []

[17]
Overfull \hbox (41.26991pt too wide) in paragraph at lines 139--139
 []                  /cmtt12/married + re74 + re75, data = match.data(m.out1, "
control"),[] 
 []


Overfull \hbox (56.73216pt too wide) in paragraph at lines 142--154
/cmr12/prob-a-bly be changed to in-clude all the data in this es-ti-ma-tion (us
-ing /cmtt12/data = match.data(m.out1)
 []


Overfull \hbox (10.3949pt too wide) in paragraph at lines 155--155
 []/cmtt12/> x.out1 <- setx(z.out1, data = match.data(m.out1, "treat"), cond = 
TRUE) 
 []


Overfull \hbox (28.9199pt too wide) in paragraph at lines 168--168
 []                  /cmtt12/married + re74 + re75, data = match.data(m.out1, "
treat"),[] 
 []


Overfull \hbox (22.7449pt too wide) in paragraph at lines 174--174
 []/cmtt12/> x.out2 <- setx(z.out2, data = match.data(m.out1, "control"), cond 
= TRUE) 
 []

[18] [19]
Overfull \hbox (28.9199pt too wide) in paragraph at lines 251--251
 []/cmtt12/> weighted.mean(mdata$re78[mdata$treat == 1], mdata$weights[mdata$tr
eat==1])[] 
 []


Overfull \hbox (65.96992pt too wide) in paragraph at lines 252--252
 []        /cmtt12/- weighted.mean(mdata$re78[mdata$treat==0], mdata$weights[md
ata$treat==0])[] 
 []


Overfull \hbox (16.5699pt too wide) in paragraph at lines 266--266
 []/cmtt12/> zelig(re78 ~ treat + black + hispan + educ, data = m.data, model =
 "ls",[] 
 []

) [20]
Chapter 4.
LaTeX Font Info:    Font shape `OT1/cmtt/bx/n' in size <17.28> not available
(Font)              Font shape `OT1/cmtt/m/n' tried instead on input line 95.
(./matchitref.tex

Package hyperref Warning: Difference (2) between bookmark levels is greater 
(hyperref)                than one, level fixed on input line 1.

[21

] [22] [23] [24]
Overfull \hbox (6.39474pt too wide) in paragraph at lines 243--248
/cmr12/pack-age. See /cmtt12/help(fullmatch) /cmr12/or []http://www.stat.lsa.um
ich.edu/~bbh/optmatch.html[]
 []

[25]
Overfull \hbox (0.83185pt too wide) in paragraph at lines 284--286
[]/cmtt12/.../cmr12/: Ad-di-tional in-puts that can be passed to the /cmtt12/fu
llmatch() /cmr12/func-tion in the /cmtt12/optmatch
 []


Overfull \hbox (40.20618pt too wide) in paragraph at lines 334--338
[]/cmtt12/model/cmr12/: the out-put of the model used to es-ti-mate the dis-tan
ce mea-sure. /cmtt12/summary(m.out$model)
 []

[26]) (./summaryref.tex

Package hyperref Warning: Difference (2) between bookmark levels is greater 
(hyperref)                than one, level fixed on input line 6.


Overfull \hbox (55.12024pt too wide) in paragraph at lines 8--8
[]/cmtt12/summary(object, interactions = FALSE, addlvariables = NULL, standardi
ze = FALSE, ...)[] 
 []


Overfull \hbox (6.94044pt too wide) in paragraph at lines 15--20
/cmr12/and only the co-vari-ates them-selves when /cmtt12/interactions = FALSE/
cmr12/, (DE-FAULT = /cmtt12/FALSE/cmr12/). 
 []

[27] [28]
Overfull \hbox (8.04178pt too wide) in paragraph at lines 78--82
/cmr12/vari-ates $/cmmi12/X$ /cmr12/and their in-ter-ac-tions, where /cmtt12/Me
ans Treated$/cmr12/= /cmmi12/^^V[] /cmr12/= [] [][] /cmmi12/w[]X[]$
 []

) (./plotref.tex [29] [30]) (./mdataref.tex [31]
Overfull \hbox (36.59523pt too wide) in paragraph at lines 83--83
[]/cmtt12/> unmatched.data <- lalonde[!row.names(lalonde)%in%row.names(match.da
ta(m.out1)),][] 
 []

[32]) (./faq.tex [33]
Chapter 5.
[34

] [35]
Overfull \hbox (48.94524pt too wide) in paragraph at lines 121--121
[]/cmtt12/cbind(lalonde[row.names(foo$match.matrix),"re78"], lalonde[foo$match.
matrix,"re78"])[] 
 []


Package hyperref Warning: Token not allowed in a PDFDocEncoded string:
(hyperref)                \kern 1.95872pt
(hyperref)                removed on input line 157.

[36]) [37]
Chapter 6.

Overfull \hbox (0.1057pt too wide) in paragraph at lines 118--120
[]/cmbx12/2.4-7 /cmr12/(Au-gust 4, 2008): Fixed mi-nor bug in sub-clas-si-fi-ca
-tion (thanks to Ben Domingue) 
 []

[38

] [39] (./matchit.bbl
Underfull \hbox (badness 3029) in paragraph at lines 22--25
[]/cmr12/Diamond, A. and Sekhon, J. (2005), ``Ge-netic Match-ing for Es-ti-mat-
ing Causal
 []


Underfull \hbox (badness 8189) in paragraph at lines 22--25
/cmr12/Ef-fects: A New Method of Achiev-ing Bal-ance in Ob-ser-va-tional Stud-i
es,''
 []


Underfull \hbox (badness 10000) in paragraph at lines 58--60
[]/cmr12/--- (2008b), ``Match-ing for Causal In-fer-ence With-out Bal-ance Chec
k-ing,''
 []

[40


])

Package natbib Warning: There were undefined citations.

[41] (./matchit.aux)

LaTeX Font Warning: Some font shapes were not available, defaults substituted.

 ) 
Here is how much of TeX's memory you used:
 4456 strings out of 95437
 56697 string characters out of 1190233
 112297 words of memory out of 1000001
 7198 multiletter control sequences out of 10000+50000
 19072 words of font info for 74 fonts, out of 500000 for 1000
 14 hyphenation exceptions out of 1000
 34i,11n,41p,219b,459s stack positions out of 1500i,500n,5000p,200000b,5000s
 714 PDF objects out of 300000
 152 named destinations out of 131072
 465 words of extra memory for PDF output out of 65536
{/usr/share/texmf/dvips/tetex/bbad153f.enc}</usr/share/texmf/fonts/type1/blue
sky/cm/cmsy6.pfb>{/usr/share/texmf/dvips/tetex/aae443f0.enc}</usr/share/texmf/f
onts/type1/bluesky/cm/cmmi6.pfb>{/usr/share/texmf/dvips/tetex/f7b6d320.enc}</us
r/share/texmf/fonts/type1/bluesky/cm/cmr6.pfb></usr/share/texmf/fonts/type1/blu
esky/cm/cmsy8.pfb></usr/share/texmf/fonts/type1/bluesky/cm/cmr7.pfb></usr/share
/texmf/fonts/type1/bluesky/cm/cmex10.pfb>{/usr/share/texmf/dvips/tetex/74afc74c
.enc}</usr/share/texmf/fonts/type1/bluesky/cm/cmti12.pfb></usr/share/texmf/font
s/type1/bluesky/cm/cmmi8.pfb></usr/share/texmf/fonts/type1/bluesky/cm/cmmi12.pf
b>{/usr/share/texmf/dvips/tetex/09fbbfac.enc}</usr/share/texmf/fonts/type1/blue
sky/cm/cmtt12.pfb></usr/share/texmf/fonts/type1/bluesky/cm/cmbx12.pfb></usr/sha
re/texmf/fonts/type1/bluesky/cm/cmsy10.pfb></usr/share/texmf/fonts/type1/bluesk
y/cm/cmtt10.pfb></usr/share/texmf/fonts/type1/bluesky/cm/cmr8.pfb></usr/share/t
exmf/fonts/type1/bluesky/cm/cmr10.pfb></usr/share/texmf/fonts/type1/bluesky/cm/
cmr12.pfb></usr/share/texmf/fonts/type1/bluesky/cm/cmr17.pfb>{/usr/share/texmf/
dvips/tetex/0ef0afca.enc}</usr/share/texmf/fonts/type1/bluesky/cm/cmcsc10.pfb>
Output written on matchit.pdf (42 pages, 430177 bytes).
