\BOOKMARK [0][-]{chapter.1}{Introduction}{}
\BOOKMARK [1][-]{section.1.1}{What MatchIt Does}{chapter.1}
\BOOKMARK [1][-]{section.1.2}{Software Requirements}{chapter.1}
\BOOKMARK [1][-]{section.1.3}{Installing MatchIt}{chapter.1}
\BOOKMARK [1][-]{section.1.4}{Loading MatchIt}{chapter.1}
\BOOKMARK [1][-]{section.1.5}{Updating MatchIt}{chapter.1}
\BOOKMARK [0][-]{chapter.2}{Statistical Overview}{}
\BOOKMARK [1][-]{section.2.1}{Preprocessing via Matching}{chapter.2}
\BOOKMARK [1][-]{section.2.2}{Checking Balance}{chapter.2}
\BOOKMARK [1][-]{section.2.3}{Conducting Analyses after Matching}{chapter.2}
\BOOKMARK [0][-]{chapter.3}{User's Guide to MatchIt}{}
\BOOKMARK [1][-]{section.3.1}{Preprocessing via Matching}{chapter.3}
\BOOKMARK [2][-]{subsection.3.1.1}{Quick Overview}{section.3.1}
\BOOKMARK [2][-]{subsection.3.1.2}{Examples}{section.3.1}
\BOOKMARK [3][-]{subsubsection.3.1.2.1}{Exact Matching}{subsection.3.1.2}
\BOOKMARK [3][-]{subsubsection.3.1.2.2}{Subclassification}{subsection.3.1.2}
\BOOKMARK [3][-]{subsubsection.3.1.2.3}{Nearest Neighbor Matching}{subsection.3.1.2}
\BOOKMARK [3][-]{subsubsection.3.1.2.4}{Optimal Matching}{subsection.3.1.2}
\BOOKMARK [3][-]{subsubsection.3.1.2.5}{Full Matching}{subsection.3.1.2}
\BOOKMARK [3][-]{subsubsection.3.1.2.6}{Genetic Matching}{subsection.3.1.2}
\BOOKMARK [1][-]{section.3.2}{Checking Balance}{chapter.3}
\BOOKMARK [2][-]{subsection.3.2.1}{Quick Overview}{section.3.2}
\BOOKMARK [2][-]{subsection.3.2.2}{Details}{section.3.2}
\BOOKMARK [3][-]{subsubsection.3.2.2.1}{The summary\(\) Command}{subsection.3.2.2}
\BOOKMARK [3][-]{subsubsection.3.2.2.2}{The plot\(\) Command}{subsection.3.2.2}
\BOOKMARK [1][-]{section.3.3}{Conducting Analyses after Matching}{chapter.3}
\BOOKMARK [2][-]{subsection.3.3.1}{Quick Overview}{section.3.3}
\BOOKMARK [2][-]{subsection.3.3.2}{Examples}{section.3.3}
\BOOKMARK [0][-]{chapter.4}{Reference Manual}{}
\BOOKMARK [1][-]{section.4.1}{matchit\(\): Implementation of Matching Methods}{chapter.4}
\BOOKMARK [2][-]{subsubsection.4.1.0.1}{Syntax}{section.4.1}
\BOOKMARK [3][-]{subsubsection.4.1.0.2}{Arguments}{subsubsection.4.1.0.1}
\BOOKMARK [3][-]{subsubsection.4.1.0.3}{Output Values}{subsubsection.4.1.0.1}
\BOOKMARK [1][-]{section.4.2}{summary\(\): Numerical Summaries of Balance}{chapter.4}
\BOOKMARK [2][-]{subsubsection.4.2.0.1}{Syntax}{section.4.2}
\BOOKMARK [3][-]{subsubsection.4.2.0.2}{Arguments}{subsubsection.4.2.0.1}
\BOOKMARK [3][-]{subsubsection.4.2.0.3}{Output Values}{subsubsection.4.2.0.1}
\BOOKMARK [1][-]{section.4.3}{plot\(\): Graphical Summaries of Balance}{chapter.4}
\BOOKMARK [2][-]{subsection.4.3.1}{Plot options for the matchit object}{section.4.3}
\BOOKMARK [3][-]{subsubsection.4.3.1.1}{Syntax}{subsection.4.3.1}
\BOOKMARK [3][-]{subsubsection.4.3.1.2}{Arguments}{subsection.4.3.1}
\BOOKMARK [3][-]{subsubsection.4.3.1.3}{Output Values}{subsection.4.3.1}
\BOOKMARK [2][-]{subsection.4.3.2}{Plot options for the matchit summary object}{section.4.3}
\BOOKMARK [3][-]{subsubsection.4.3.2.1}{Syntax}{subsection.4.3.2}
\BOOKMARK [3][-]{subsubsection.4.3.2.2}{Arguments}{subsection.4.3.2}
\BOOKMARK [3][-]{subsubsection.4.3.2.3}{Output Values}{subsection.4.3.2}
\BOOKMARK [1][-]{section.4.4}{match.data\(\): Extracting the Matched Data Set}{chapter.4}
\BOOKMARK [2][-]{subsection.4.4.1}{Usage}{section.4.4}
\BOOKMARK [2][-]{subsection.4.4.2}{Arguments}{section.4.4}
\BOOKMARK [2][-]{subsection.4.4.3}{Examples}{section.4.4}
\BOOKMARK [0][-]{chapter.5}{Frequently Asked Questions}{}
\BOOKMARK [1][-]{section.5.1}{How do I Cite this Work?}{chapter.5}
\BOOKMARK [1][-]{section.5.2}{What if My datasets Are Big and Are Taking Up Too Much Memory?}{chapter.5}
\BOOKMARK [1][-]{section.5.3}{How Exactly are the Weights Created?}{chapter.5}
\BOOKMARK [1][-]{section.5.4}{How Do I Create Observation Names?}{chapter.5}
\BOOKMARK [1][-]{section.5.5}{How Can I See Outcomes of Matched Pairs?}{chapter.5}
\BOOKMARK [1][-]{section.5.6}{How Do I Ensure Replicability As MatchIt Versions Develop?}{chapter.5}
\BOOKMARK [1][-]{section.5.7}{How Do I Use My Own Distance Measure with MatchIt?}{chapter.5}
\BOOKMARK [1][-]{section.5.8}{What Do I Do about Missing Data?}{chapter.5}
\BOOKMARK [1][-]{section.5.9}{Why Preprocessing?}{chapter.5}
\BOOKMARK [0][-]{chapter.6}{What's New?}{}
